# JRE version: OpenJDK Runtime Environment Temurin-17.0.10+7 (17.0.10+7) (build 17.0.10+7)
# Java VM: OpenJDK 64-Bit Server VM Temurin-17.0.10+7 (17.0.10+7, mixed mode, emulated-client, tiered, compressed oops, compressed class ptrs, g1 gc, windows-amd64)
GC Precious Log:
 CPUs: 8 total, 8 available
 Memory: 16320M
 Large Page Support: Disabled
 NUMA Support: Disabled
 Compressed Oops: Enabled (32-bit)
 Heap Region Size: 1M
 Heap Min Capacity: 8M
 Heap Initial Capacity: 256M
 Heap Max Capacity: 1G
 Pre-touch: Disabled
 Parallel Workers: 8
 Concurrent Workers: 2
 Concurrent Refinement Workers: 8
 Periodic GC: Disabled
Heap:
 garbage-first heap   total 103424K, used 36987K [0x00000000c0000000, 0x0000000100000000)
  region size 1024K, 1 young (1024K), 0 survivors (0K)
 Metaspace       used 59364K, committed 59776K, reserved 1114112K
  class space    used 7416K, committed 7616K, reserved 1048576K
GC Heap History (20 events):
Event: 9186.115 GC heap before
{Heap before GC invocations=544 (full 434):
 garbage-first heap   total 103424K, used 36987K [0x00000000c0000000, 0x0000000100000000)
  region size 1024K, 1 young (1024K), 0 survivors (0K)
 Metaspace       used 59364K, committed 59776K, reserved 1114112K
  class space    used 7416K, committed 7616K, reserved 1048576K
}
Event: 9186.145 GC heap after
{Heap after GC invocations=545 (full 435):
 garbage-first heap   total 103424K, used 36987K [0x00000000c0000000, 0x0000000100000000)
  region size 1024K, 0 young (0K), 0 survivors (0K)
 Metaspace       used 59364K, committed 59776K, reserved 1114112K
  class space    used 7416K, committed 7616K, reserved 1048576K
}
Event: 9196.226 GC heap before
{Heap before GC invocations=545 (full 435):
 garbage-first heap   total 103424K, used 36987K [0x00000000c0000000, 0x0000000100000000)
  region size 1024K, 1 young (1024K), 0 survivors (0K)
 Metaspace       used 59364K, committed 59776K, reserved 1114112K
  class space    used 7416K, committed 7616K, reserved 1048576K
}
Event: 9196.255 GC heap after
{Heap after GC invocations=546 (full 436):
 garbage-first heap   total 103424K, used 36987K [0x00000000c0000000, 0x0000000100000000)
  region size 1024K, 0 young (0K), 0 survivors (0K)
 Metaspace       used 59364K, committed 59776K, reserved 1114112K
  class space    used 7416K, committed 7616K, reserved 1048576K
}
Event: 9206.346 GC heap before
{Heap before GC invocations=546 (full 436):
 garbage-first heap   total 103424K, used 36987K [0x00000000c0000000, 0x0000000100000000)
  region size 1024K, 1 young (1024K), 0 survivors (0K)
 Metaspace       used 59364K, committed 59776K, reserved 1114112K
  class space    used 7416K, committed 7616K, reserved 1048576K
}
Event: 9206.374 GC heap after
{Heap after GC invocations=547 (full 437):
 garbage-first heap   total 103424K, used 36987K [0x00000000c0000000, 0x0000000100000000)
  region size 1024K, 0 young (0K), 0 survivors (0K)
 Metaspace       used 59364K, committed 59776K, reserved 1114112K
  class space    used 7416K, committed 7616K, reserved 1048576K
}
Event: 9216.461 GC heap before
{Heap before GC invocations=547 (full 437):
 garbage-first heap   total 103424K, used 36987K [0x00000000c0000000, 0x0000000100000000)
  region size 1024K, 1 young (1024K), 0 survivors (0K)
 Metaspace       used 59364K, committed 59776K, reserved 1114112K
  class space    used 7416K, committed 7616K, reserved 1048576K
}
Event: 9216.489 GC heap after
{Heap after GC invocations=548 (full 438):
 garbage-first heap   total 103424K, used 36987K [0x00000000c0000000, 0x0000000100000000)
  region size 1024K, 0 young (0K), 0 survivors (0K)
 Metaspace       used 59364K, committed 59776K, reserved 1114112K
  class space    used 7416K, committed 7616K, reserved 1048576K
}
Event: 9226.583 GC heap before
{Heap before GC invocations=548 (full 438):
 garbage-first heap   total 103424K, used 36987K [0x00000000c0000000, 0x0000000100000000)
  region size 1024K, 1 young (1024K), 0 survivors (0K)
 Metaspace       used 59364K, committed 59776K, reserved 1114112K
  class space    used 7416K, committed 7616K, reserved 1048576K
}
Event: 9226.612 GC heap after
{Heap after GC invocations=549 (full 439):
 garbage-first heap   total 103424K, used 36987K [0x00000000c0000000, 0x0000000100000000)
  region size 1024K, 0 young (0K), 0 survivors (0K)
 Metaspace       used 59364K, committed 59776K, reserved 1114112K
  class space    used 7416K, committed 7616K, reserved 1048576K
}
Event: 9236.702 GC heap before
{Heap before GC invocations=549 (full 439):
 garbage-first heap   total 103424K, used 36987K [0x00000000c0000000, 0x0000000100000000)
  region size 1024K, 1 young (1024K), 0 survivors (0K)
 Metaspace       used 59364K, committed 59776K, reserved 1114112K
  class space    used 7416K, committed 7616K, reserved 1048576K
}
Event: 9236.733 GC heap after
{Heap after GC invocations=550 (full 440):
 garbage-first heap   total 103424K, used 36987K [0x00000000c0000000, 0x0000000100000000)
  region size 1024K, 0 young (0K), 0 survivors (0K)
 Metaspace       used 59364K, committed 59776K, reserved 1114112K
  class space    used 7416K, committed 7616K, reserved 1048576K
}
Event: 9246.817 GC heap before
{Heap before GC invocations=550 (full 440):
 garbage-first heap   total 103424K, used 36987K [0x00000000c0000000, 0x0000000100000000)
  region size 1024K, 1 young (1024K), 0 survivors (0K)
 Metaspace       used 59364K, committed 59776K, reserved 1114112K
  class space    used 7416K, committed 7616K, reserved 1048576K
}
Event: 9246.846 GC heap after
{Heap after GC invocations=551 (full 441):
 garbage-first heap   total 103424K, used 36987K [0x00000000c0000000, 0x0000000100000000)
  region size 1024K, 0 young (0K), 0 survivors (0K)
 Metaspace       used 59364K, committed 59776K, reserved 1114112K
  class space    used 7416K, committed 7616K, reserved 1048576K
}
Event: 9256.943 GC heap before
{Heap before GC invocations=551 (full 441):
 garbage-first heap   total 103424K, used 36987K [0x00000000c0000000, 0x0000000100000000)
  region size 1024K, 1 young (1024K), 0 survivors (0K)
 Metaspace       used 59364K, committed 59776K, reserved 1114112K
  class space    used 7416K, committed 7616K, reserved 1048576K
}
Event: 9256.971 GC heap after
{Heap after GC invocations=552 (full 442):
 garbage-first heap   total 103424K, used 36987K [0x00000000c0000000, 0x0000000100000000)
  region size 1024K, 0 young (0K), 0 survivors (0K)
 Metaspace       used 59364K, committed 59776K, reserved 1114112K
  class space    used 7416K, committed 7616K, reserved 1048576K
}
Event: 9267.066 GC heap before
{Heap before GC invocations=552 (full 442):
 garbage-first heap   total 103424K, used 36987K [0x00000000c0000000, 0x0000000100000000)
  region size 1024K, 1 young (1024K), 0 survivors (0K)
 Metaspace       used 59364K, committed 59776K, reserved 1114112K
  class space    used 7416K, committed 7616K, reserved 1048576K
}
Event: 9267.092 GC heap after
{Heap after GC invocations=553 (full 443):
 garbage-first heap   total 103424K, used 36987K [0x00000000c0000000, 0x0000000100000000)
  region size 1024K, 0 young (0K), 0 survivors (0K)
 Metaspace       used 59364K, committed 59776K, reserved 1114112K
  class space    used 7416K, committed 7616K, reserved 1048576K
}
Event: 9277.185 GC heap before
{Heap before GC invocations=553 (full 443):
 garbage-first heap   total 103424K, used 36987K [0x00000000c0000000, 0x0000000100000000)
  region size 1024K, 1 young (1024K), 0 survivors (0K)
 Metaspace       used 59364K, committed 59776K, reserved 1114112K
  class space    used 7416K, committed 7616K, reserved 1048576K
}
Event: 9277.213 GC heap after
{Heap after GC invocations=554 (full 444):
 garbage-first heap   total 103424K, used 36987K [0x00000000c0000000, 0x0000000100000000)
  region size 1024K, 0 young (0K), 0 survivors (0K)
 Metaspace       used 59364K, committed 59776K, reserved 1114112K
  class space    used 7416K, committed 7616K, reserved 1048576K
}

